[debug] [2021-06-20T14:37:57.418Z] ----------------------------------------------------------------------
[debug] [2021-06-20T14:37:57.431Z] Command:       C:\Program Files\nodejs\node.exe C:\Users\thiag\AppData\Roaming\npm\node_modules\firebase-tools\lib\bin\firebase.js init
[debug] [2021-06-20T14:37:57.433Z] CLI Version:   9.12.1
[debug] [2021-06-20T14:37:57.433Z] Platform:      win32
[debug] [2021-06-20T14:37:57.434Z] Node Version:  v14.15.3
[debug] [2021-06-20T14:37:57.491Z] Time:          Sun Jun 20 2021 11:37:57 GMT-0300 (Brasilia Standard Time)
[debug] [2021-06-20T14:37:57.493Z] ----------------------------------------------------------------------
[debug] 
[debug] [2021-06-20T14:37:57.514Z] >>> [apiv2][query] GET https://firebase-public.firebaseio.com/cli.json [none]
[debug] [2021-06-20T14:37:57.612Z] > command requires scopes: ["email","openid","https://www.googleapis.com/auth/cloudplatformprojects.readonly","https://www.googleapis.com/auth/firebase","https://www.googleapis.com/auth/cloud-platform"]
[debug] [2021-06-20T14:37:57.612Z] > authorizing via signed-in user (thiagosilva128@gmail.com)
[info] 
     ######## #### ########  ######## ########     ###     ######  ########
     ##        ##  ##     ## ##       ##     ##  ##   ##  ##       ##
     ######    ##  ########  ######   ########  #########  ######  ######
     ##        ##  ##    ##  ##       ##     ## ##     ##       ## ##
     ##       #### ##     ## ######## ########  ##     ##  ######  ########

You're about to initialize a Firebase project in this directory:

  C:\Users\thiag\test_whats\lucky

Before we get started, keep in mind:

  * You are initializing in an existing Firebase project directory

[debug] [2021-06-20T14:37:58.315Z] <<< [apiv2][status] GET https://firebase-public.firebaseio.com/cli.json 200
[debug] [2021-06-20T14:37:58.316Z] <<< [apiv2][body] GET https://firebase-public.firebaseio.com/cli.json {"cloudBuildErrorAfter":1594252800000,"cloudBuildWarnAfter":1590019200000,"defaultNode10After":1594252800000,"minVersion":"3.0.5","node8DeploysDisabledAfter":1613390400000,"node8RuntimeDisabledAfter":1615809600000,"node8WarnAfter":1600128000000}
